<?xml version="1.0" encoding="UTF-8"?>
<!-- Generated by org.testng.reporters.JUnitReportReporter -->
<testsuite hostname="LTIN191412" failures="0" tests="4" name="org.testng.ClassB" time="0.025" errors="0" timestamp="09 Nov 2022 13:21:41 GMT" skipped="0">
  <testcase classname="org.testng.ClassB" name="Test1" time="0.019"/>
  <testcase classname="org.testng.ClassB" name="Test4" time="0.002"/>
  <testcase classname="org.testng.ClassB" name="Test3" time="0.002"/>
  <testcase classname="org.testng.ClassB" name="Test2" time="0.002"/>
</testsuite> <!-- org.testng.ClassB -->
