<?xml version="1.0" encoding="UTF-8"?>
<!-- Generated by org.testng.reporters.JUnitReportReporter -->
<testsuite hostname="LTIN191412" failures="0" tests="4" name="org.testng.ParallelExecution" time="0.030" errors="0" timestamp="09 Nov 2022 09:06:35 GMT" skipped="0">
  <testcase classname="org.testng.ParallelExecution" name="Test4" time="0.002"/>
  <testcase classname="org.testng.ParallelExecution" name="Test2" time="0.003"/>
  <testcase classname="org.testng.ParallelExecution" name="Test3" time="0.002"/>
  <testcase classname="org.testng.ParallelExecution" name="Test1" time="0.023"/>
</testsuite> <!-- org.testng.ParallelExecution -->
