<?xml version="1.0" encoding="UTF-8"?>
<!-- Generated by org.testng.reporters.JUnitReportReporter -->
<testsuite hostname="LTIN191412" failures="0" tests="3" name="org.testng.ClassA" time="0.022" errors="0" timestamp="09 Nov 2022 08:45:00 GMT" skipped="0">
  <testcase classname="org.testng.ClassA" name="Test1" time="0.018"/>
  <testcase classname="org.testng.ClassA" name="Test4" time="0.002"/>
  <testcase classname="org.testng.ClassA" name="Test2" time="0.002"/>
</testsuite> <!-- org.testng.ClassA -->
