<?xml version="1.0" encoding="UTF-8"?>
<!-- Generated by org.testng.reporters.JUnitReportReporter -->
<testsuite hostname="LTIN191412" failures="0" tests="2" name="org.testng.Adding2Test" time="0.012" errors="0" timestamp="09 Nov 2022 13:21:02 GMT" skipped="0">
  <testcase classname="org.testng.Adding2Test" name="tc_7" time="0.010"/>
  <testcase classname="org.testng.Adding2Test" name="tc_8" time="0.002"/>
</testsuite> <!-- org.testng.Adding2Test -->
