<?xml version="1.0" encoding="UTF-8"?>
<!-- Generated by org.testng.reporters.JUnitReportReporter -->
<testsuite hostname="LTIN191412" failures="0" tests="10" name="org.testng.InvocationCount" time="0.038" errors="0" timestamp="09 Nov 2022 08:10:19 GMT" skipped="0">
  <testcase classname="org.testng.InvocationCount" name="tc_2" time="0.002"/>
  <testcase classname="org.testng.InvocationCount" name="tc_2" time="0.022"/>
  <testcase classname="org.testng.InvocationCount" name="tc_6" time="0.001"/>
  <testcase classname="org.testng.InvocationCount" name="tc_3" time="0.003"/>
  <testcase classname="org.testng.InvocationCount" name="tc_3" time="0.001"/>
  <testcase classname="org.testng.InvocationCount" name="tc_3" time="0.002"/>
  <testcase classname="org.testng.InvocationCount" name="tc_3" time="0.002"/>
  <testcase classname="org.testng.InvocationCount" name="tc_5" time="0.002"/>
  <testcase classname="org.testng.InvocationCount" name="tc_1" time="0.002"/>
  <testcase classname="org.testng.InvocationCount" name="tc_4" time="0.001"/>
</testsuite> <!-- org.testng.InvocationCount -->
