<?xml version="1.0" encoding="UTF-8"?>
<!-- Generated by org.testng.reporters.JUnitReportReporter -->
<testsuite hostname="LTIN191412" failures="0" tests="1" name="org.testng.NewTest" time="0.010" errors="0" timestamp="08 Nov 2022 07:44:23 GMT" skipped="0">
  <testcase classname="org.testng.NewTest" name="tc_7" time="0.010"/>
</testsuite> <!-- org.testng.NewTest -->
