<?xml version="1.0" encoding="UTF-8"?>
<!-- Generated by org.testng.reporters.JUnitReportReporter -->
<testsuite hostname="LTIN191412" failures="0" tests="10" name="org.testng.InvocationCountnEnabled" time="0.031" errors="0" timestamp="09 Nov 2022 08:12:28 GMT" skipped="1">
  <testcase classname="org.testng.InvocationCountnEnabled" name="tc_2" time="0.002"/>
  <testcase classname="org.testng.InvocationCountnEnabled" name="tc_2" time="0.019"/>
  <testcase classname="org.testng.InvocationCountnEnabled" name="tc_6" time="0.002"/>
  <testcase classname="org.testng.InvocationCountnEnabled" name="tc_3" time="0.001"/>
  <testcase classname="org.testng.InvocationCountnEnabled" name="tc_3" time="0.001"/>
  <testcase classname="org.testng.InvocationCountnEnabled" name="tc_3" time="0.002"/>
  <testcase classname="org.testng.InvocationCountnEnabled" name="tc_3" time="0.002"/>
  <testcase classname="org.testng.InvocationCountnEnabled" name="tc_5" time="0.001"/>
  <testcase classname="org.testng.InvocationCountnEnabled" name="tc_1" time="0.001"/>
  <testcase classname="org.testng.InvocationCountnEnabled" name="tc_4">
    <skipped/>
  </testcase> <!-- tc_4 -->
</testsuite> <!-- org.testng.InvocationCountnEnabled -->
